Tue Apr 27 19:39:44 EEST 2021 : Apache Derby Network Server - 10.11.1.2 - (1629631) started and ready to accept connections on port 1527
----------------------------------------------------------------
Tue Apr 27 19:39:45 EEST 2021:
Booting Derby version The Apache Software Foundation - Apache Derby - 10.11.1.2 - (1629631): instance a816c00e-0179-1433-5a37-00004e14c01d 
on database directory C:\Users\ensyv\Documents\NetBeansProjects\EKEBookReviewSite\EKEBookReviewSite with class loader sun.misc.Launcher$AppClassLoader@27c170f0 
Loaded from file:/C:/Program%20Files/Java/jdk1.8.0_111/db/lib/derby.jar
java.vendor=Oracle Corporation
java.runtime.version=1.8.0_111-b14
user.dir=C:\Program Files\Java\jdk1.8.0_111\db
os.name=Windows 10
os.arch=amd64
os.version=10.0
derby.system.home=C:\Users\ensyv\Documents\NetBeansProjects\EKEBookReviewSite
Database Class Loader started - derby.database.classpath=''
----------------------------------------------------------------
Tue Apr 27 19:39:46 EEST 2021:
Shutting down instance a816c00e-0179-1433-5a37-00004e14c01d on database directory C:\Users\ensyv\Documents\NetBeansProjects\EKEBookReviewSite\EKEBookReviewSite with class loader sun.misc.Launcher$AppClassLoader@27c170f0 
Tue Apr 27 19:39:46 EEST 2021 Thread[DRDAConnThread_3,5,main] (DATABASE = EKEBookReviewSite), (DRDAID = {2}), Database 'EKEBookReviewSite' shutdown.
----------------------------------------------------------------
Tue Apr 27 19:39:53 EEST 2021:
Booting Derby version The Apache Software Foundation - Apache Derby - 10.11.1.2 - (1629631): instance a65c80ac-0179-1433-5a37-00004e14c01d 
on database directory C:\Users\ensyv\Documents\NetBeansProjects\EKEBookReviewSite\EKEBookReviewSite with class loader sun.misc.Launcher$AppClassLoader@27c170f0 
Loaded from file:/C:/Program%20Files/Java/jdk1.8.0_111/db/lib/derby.jar
java.vendor=Oracle Corporation
java.runtime.version=1.8.0_111-b14
user.dir=C:\Program Files\Java\jdk1.8.0_111\db
os.name=Windows 10
os.arch=amd64
os.version=10.0
derby.system.home=C:\Users\ensyv\Documents\NetBeansProjects\EKEBookReviewSite
Database Class Loader started - derby.database.classpath=''
